<?xml version="1.0" encoding="UTF-8"?>
<testsuite xmlns:xsi="http://www.w3.org/2001/XMLSchema-instance" xsi:noNamespaceSchemaLocation="https://maven.apache.org/surefire/maven-surefire-plugin/xsd/surefire-test-report.xsd" name="com.example.springboot.BookServiceApplicationTests" time="5.853" tests="9" errors="9" skipped="0" failures="0">
  <properties>
[...]
</properties>
  <testcase name="saveBook" classname="com.example.springboot.BookServiceApplicationTests" time="0.881">
    <error message="Connection refused: connect" type="java.net.ConnectException">java.net.ConnectException: Connection refused: connect
	at com.example.springboot.BookServiceApplicationTests.saveBook(BookServiceApplicationTests.java:91)
</error>
    <system-out><![CDATA[08:47:43.786 [main] DEBUG org.springframework.boot.test.context.SpringBootTestContextBootstrapper -- Neither @ContextConfiguration nor @ContextHierarchy found for test class [BookServiceApplicationTests]: using SpringBootContextLoader
08:47:43.791 [main] DEBUG org.springframework.test.context.support.AbstractContextLoader -- Could not detect default resource locations for test class [com.example.springboot.BookServiceApplicationTests]: no resource found for suffixes {-context.xml, Context.groovy}.
08:47:43.791 [main] INFO org.springframework.test.context.support.AnnotationConfigContextLoaderUtils -- Could not detect default configuration classes for test class [com.example.springboot.BookServiceApplicationTests]: BookServiceApplicationTests does not declare any static, non-private, non-final, nested classes annotated with @Configuration.
08:47:43.818 [main] DEBUG org.springframework.boot.test.context.SpringBootTestContextBootstrapper -- Using ContextCustomizers for test class [BookServiceApplicationTests]: [ExcludeFilterContextCustomizer, DuplicateJsonObjectContextCustomizer, MockitoContextCustomizer, TestRestTemplateContextCustomizer, DisableObservabilityContextCustomizer, PropertyMappingContextCustomizer, Customizer]
08:47:43.910 [main] DEBUG org.springframework.context.annotation.ClassPathScanningCandidateComponentProvider -- Identified candidate component class: file [C:\Users\kuraganti.eunice\Documents\workspace-spring-tool-suite-4-4.17.1.RELEASE\Book-service\target\classes\com\example\springboot\BookServiceApplication.class]
08:47:43.911 [main] INFO org.springframework.boot.test.context.SpringBootTestContextBootstrapper -- Found @SpringBootConfiguration com.example.springboot.BookServiceApplication for test class com.example.springboot.BookServiceApplicationTests
08:47:44.022 [main] DEBUG org.springframework.boot.test.context.SpringBootTestContextBootstrapper -- Using TestExecutionListeners for test class [BookServiceApplicationTests]: [ServletTestExecutionListener, DirtiesContextBeforeModesTestExecutionListener, ApplicationEventsTestExecutionListener, MockitoTestExecutionListener, DependencyInjectionTestExecutionListener, DirtiesContextTestExecutionListener, TransactionalTestExecutionListener, SqlScriptsTestExecutionListener, EventPublishingTestExecutionListener, ResetMocksTestExecutionListener, RestDocsTestExecutionListener, MockRestServiceServerResetTestExecutionListener, MockMvcPrintOnlyOnFailureTestExecutionListener, WebDriverTestExecutionListener, MockWebServiceServerTestExecutionListener]
08:47:44.023 [main] DEBUG org.springframework.test.context.support.AbstractDirtiesContextTestExecutionListener -- Before test class: class [BookServiceApplicationTests], class annotated with @DirtiesContext [false] with mode [null]

  .   ____          _            __ _ _
 /\\ / ___'_ __ _ _(_)_ __  __ _ \ \ \ \
( ( )\___ | '_ | '_| | '_ \/ _` | \ \ \ \
 \\/  ___)| |_)| | | | | || (_| |  ) ) ) )
  '  |____| .__|_| |_|_| |_\__, | / / / /
 =========|_|==============|___/=/_/_/_/
 :: Spring Boot ::                (v3.0.5)

2023-03-31T08:47:44.319+05:30  INFO 18024 --- [           main] c.e.s.BookServiceApplicationTests        : Starting BookServiceApplicationTests using Java 17.0.5 with PID 18024 (started by kuraganti.eunice in C:\Users\kuraganti.eunice\Documents\workspace-spring-tool-suite-4-4.17.1.RELEASE\Book-service)
2023-03-31T08:47:44.321+05:30  INFO 18024 --- [           main] c.e.s.BookServiceApplicationTests        : No active profile set, falling back to 1 default profile: "default"
2023-03-31T08:47:45.036+05:30  INFO 18024 --- [           main] .s.d.r.c.RepositoryConfigurationDelegate : Multiple Spring Data modules found, entering strict repository configuration mode
2023-03-31T08:47:45.037+05:30  INFO 18024 --- [           main] .s.d.r.c.RepositoryConfigurationDelegate : Bootstrapping Spring Data Elasticsearch repositories in DEFAULT mode.
2023-03-31T08:47:45.069+05:30  INFO 18024 --- [           main] .RepositoryConfigurationExtensionSupport : Spring Data Elasticsearch - Could not safely identify store assignment for repository candidate interface com.example.springboot.BookRepository; If you want this repository to be a Elasticsearch repository, consider annotating your entities with one of these annotations: org.springframework.data.elasticsearch.annotations.Document (preferred), or consider extending one of the following types with your repository: org.springframework.data.elasticsearch.repository.ElasticsearchRepository, org.springframework.data.elasticsearch.repository.ElasticsearchRepository
2023-03-31T08:47:45.070+05:30  INFO 18024 --- [           main] .s.d.r.c.RepositoryConfigurationDelegate : Finished Spring Data repository scanning in 28 ms. Found 0 Elasticsearch repository interfaces.
2023-03-31T08:47:45.081+05:30  INFO 18024 --- [           main] .s.d.r.c.RepositoryConfigurationDelegate : Multiple Spring Data modules found, entering strict repository configuration mode
2023-03-31T08:47:45.082+05:30  INFO 18024 --- [           main] .s.d.r.c.RepositoryConfigurationDelegate : Bootstrapping Spring Data JPA repositories in DEFAULT mode.
2023-03-31T08:47:45.111+05:30  INFO 18024 --- [           main] .s.d.r.c.RepositoryConfigurationDelegate : Finished Spring Data repository scanning in 24 ms. Found 1 JPA repository interfaces.
2023-03-31T08:47:45.548+05:30  INFO 18024 --- [           main] o.hibernate.jpa.internal.util.LogHelper  : HHH000204: Processing PersistenceUnitInfo [name: default]
2023-03-31T08:47:45.612+05:30  INFO 18024 --- [           main] org.hibernate.Version                    : HHH000412: Hibernate ORM core version 6.1.7.Final
2023-03-31T08:47:46.000+05:30  INFO 18024 --- [           main] com.zaxxer.hikari.HikariDataSource       : HikariPool-1 - Starting...
2023-03-31T08:47:46.234+05:30  INFO 18024 --- [           main] com.zaxxer.hikari.pool.HikariPool        : HikariPool-1 - Added connection com.mysql.cj.jdbc.ConnectionImpl@4751cd3
2023-03-31T08:47:46.238+05:30  INFO 18024 --- [           main] com.zaxxer.hikari.HikariDataSource       : HikariPool-1 - Start completed.
2023-03-31T08:47:46.289+05:30  INFO 18024 --- [           main] SQL dialect                              : HHH000400: Using dialect: org.hibernate.dialect.MySQLDialect
2023-03-31T08:47:46.950+05:30  INFO 18024 --- [           main] o.h.e.t.j.p.i.JtaPlatformInitiator       : HHH000490: Using JtaPlatform implementation: [org.hibernate.engine.transaction.jta.platform.internal.NoJtaPlatform]
2023-03-31T08:47:46.957+05:30  INFO 18024 --- [           main] j.LocalContainerEntityManagerFactoryBean : Initialized JPA EntityManagerFactory for persistence unit 'default'
2023-03-31T08:47:47.815+05:30  WARN 18024 --- [           main] JpaBaseConfiguration$JpaWebConfiguration : spring.jpa.open-in-view is enabled by default. Therefore, database queries may be performed during view rendering. Explicitly configure spring.jpa.open-in-view to disable this warning
2023-03-31T08:47:48.473+05:30  INFO 18024 --- [           main] c.e.s.BookServiceApplicationTests        : Started BookServiceApplicationTests in 4.406 seconds (process running for 6.639)
]]></system-out>
  </testcase>
  <testcase name="findAll" classname="com.example.springboot.BookServiceApplicationTests" time="0.016">
    <error message="Connection refused: connect" type="java.net.ConnectException">java.net.ConnectException: Connection refused: connect
	at com.example.springboot.BookServiceApplicationTests.findAll(BookServiceApplicationTests.java:66)
</error>
  </testcase>
  <testcase name="getAllBooks" classname="com.example.springboot.BookServiceApplicationTests" time="0.015">
    <error message="Connection refused: connect" type="java.net.ConnectException">java.net.ConnectException: Connection refused: connect
	at com.example.springboot.BookServiceApplicationTests.getAllBooks(BookServiceApplicationTests.java:17)
</error>
  </testcase>
  <testcase name="getBookByTitle" classname="com.example.springboot.BookServiceApplicationTests" time="0.016">
    <error message="Connection refused: connect" type="java.net.ConnectException">java.net.ConnectException: Connection refused: connect
	at com.example.springboot.BookServiceApplicationTests.getBookByTitle(BookServiceApplicationTests.java:75)
</error>
  </testcase>
  <testcase name="getBookById" classname="com.example.springboot.BookServiceApplicationTests" time="0.01">
    <error message="Connection refused: connect" type="java.net.ConnectException">java.net.ConnectException: Connection refused: connect
	at com.example.springboot.BookServiceApplicationTests.getBookById(BookServiceApplicationTests.java:27)
</error>
  </testcase>
  <testcase name="deleteBookById" classname="com.example.springboot.BookServiceApplicationTests" time="0.011">
    <error message="Connection refused: connect" type="java.net.ConnectException">java.net.ConnectException: Connection refused: connect
	at com.example.springboot.BookServiceApplicationTests.deleteBookById(BookServiceApplicationTests.java:100)
</error>
  </testcase>
  <testcase name="getBookByAuthor" classname="com.example.springboot.BookServiceApplicationTests" time="0.013">
    <error message="Connection refused: connect" type="java.net.ConnectException">java.net.ConnectException: Connection refused: connect
	at com.example.springboot.BookServiceApplicationTests.getBookByAuthor(BookServiceApplicationTests.java:47)
</error>
  </testcase>
  <testcase name="getBookByAccessnumber" classname="com.example.springboot.BookServiceApplicationTests" time="0.014">
    <error message="Connection refused: connect" type="java.net.ConnectException">java.net.ConnectException: Connection refused: connect
	at com.example.springboot.BookServiceApplicationTests.getBookByAccessnumber(BookServiceApplicationTests.java:37)
</error>
  </testcase>
  <testcase name="getBookByCategory" classname="com.example.springboot.BookServiceApplicationTests" time="0.012">
    <error message="Connection refused: connect" type="java.net.ConnectException">java.net.ConnectException: Connection refused: connect
	at com.example.springboot.BookServiceApplicationTests.getBookByCategory(BookServiceApplicationTests.java:57)
</error>
  </testcase>
</testsuite>